<?xml version="1.0" encoding="UTF-8"?>
<testng-results ignored="0" total="1" passed="1" failed="0" skipped="0">
  <reporter-output>
  </reporter-output>
  <suite started-at="2023-09-21T21:07:12 CEST" name="com.rest.Test" finished-at="2023-09-21T21:07:13 CEST" duration-ms="612">
    <groups>
    </groups>
    <test started-at="2023-09-21T21:07:12 CEST" name="Command line test" finished-at="2023-09-21T21:07:13 CEST" duration-ms="612">
      <class name="com.rest.Test">
        <test-method signature="test()[pri:0, instance:com.rest.Test@40f08448]" started-at="2023-09-21T21:07:12 CEST" name="test" finished-at="2023-09-21T21:07:13 CEST" duration-ms="565" status="PASS">
          <reporter-output>
          </reporter-output>
        </test-method> <!-- test -->
      </class> <!-- com.rest.Test -->
    </test> <!-- Command line test -->
  </suite> <!-- com.rest.Test -->
</testng-results>
